# JRE version: OpenJDK Runtime Environment Temurin-21.0.7+6 (21.0.7+6) (build 21.0.7+6-LTS)
# Java VM: OpenJDK 64-Bit Server VM Temurin-21.0.7+6 (21.0.7+6-LTS, mixed mode, emulated-client, sharing, tiered, compressed oops, compressed class ptrs, g1 gc, windows-amd64)
GC Precious Log:
 CardTable entry size: 512
 Card Set container configuration: InlinePtr #cards 4 size 8 Array Of Cards #cards 16 size 48 Howl #buckets 8 coarsen threshold 3686 Howl Bitmap #cards 512 size 80 coarsen threshold 460 Card regions per heap region 1 cards per card region 4096
 CPUs: 4 total, 4 available
 Memory: 16280M
 Large Page Support: Disabled
 NUMA Support: Disabled
 Compressed Oops: Enabled (Zero based)
 Heap Region Size: 2M
 Heap Min Capacity: 8M
 Heap Initial Capacity: 256M
 Heap Max Capacity: 4072M
 Pre-touch: Disabled
 Parallel Workers: 4
 Concurrent Workers: 1
 Concurrent Refinement Workers: 4
 Periodic GC: Disabled
Heap:
 garbage-first heap   total 172032K, used 100848K [0x0000000701800000, 0x0000000800000000)
  region size 2048K, 21 young (43008K), 4 survivors (8192K)
 Metaspace       used 198729K, committed 200768K, reserved 1245184K
  class space    used 24155K, committed 25088K, reserved 1048576K
GC Heap History (20 events):
Event: 14213.334 GC heap before
{Heap before GC invocations=349 (full 49):
 garbage-first heap   total 172032K, used 155491K [0x0000000701800000, 0x0000000800000000)
  region size 2048K, 47 young (96256K), 1 survivors (2048K)
 Metaspace       used 196780K, committed 198976K, reserved 1245184K
  class space    used 23910K, committed 24896K, reserved 1048576K
}
Event: 14213.342 GC heap after
{Heap after GC invocations=350 (full 49):
 garbage-first heap   total 172032K, used 62314K [0x0000000701800000, 0x0000000800000000)
  region size 2048K, 1 young (2048K), 1 survivors (2048K)
 Metaspace       used 196780K, committed 198976K, reserved 1245184K
  class space    used 23910K, committed 24896K, reserved 1048576K
}
Event: 14344.402 GC heap before
{Heap before GC invocations=350 (full 49):
 garbage-first heap   total 172032K, used 158570K [0x0000000701800000, 0x0000000800000000)
  region size 2048K, 48 young (98304K), 1 survivors (2048K)
 Metaspace       used 196780K, committed 198976K, reserved 1245184K
  class space    used 23910K, committed 24896K, reserved 1048576K
}
Event: 14344.405 GC heap after
{Heap after GC invocations=351 (full 49):
 garbage-first heap   total 172032K, used 62066K [0x0000000701800000, 0x0000000800000000)
  region size 2048K, 1 young (2048K), 1 survivors (2048K)
 Metaspace       used 196780K, committed 198976K, reserved 1245184K
  class space    used 23910K, committed 24896K, reserved 1048576K
}
Event: 14472.634 GC heap before
{Heap before GC invocations=352 (full 49):
 garbage-first heap   total 172032K, used 158322K [0x0000000701800000, 0x0000000800000000)
  region size 2048K, 48 young (98304K), 1 survivors (2048K)
 Metaspace       used 196782K, committed 198976K, reserved 1245184K
  class space    used 23910K, committed 24896K, reserved 1048576K
}
Event: 14472.637 GC heap after
{Heap after GC invocations=353 (full 49):
 garbage-first heap   total 172032K, used 62295K [0x0000000701800000, 0x0000000800000000)
  region size 2048K, 1 young (2048K), 1 survivors (2048K)
 Metaspace       used 196782K, committed 198976K, reserved 1245184K
  class space    used 23910K, committed 24896K, reserved 1048576K
}
Event: 14609.121 GC heap before
{Heap before GC invocations=353 (full 49):
 garbage-first heap   total 172032K, used 158551K [0x0000000701800000, 0x0000000800000000)
  region size 2048K, 48 young (98304K), 1 survivors (2048K)
 Metaspace       used 196782K, committed 198976K, reserved 1245184K
  class space    used 23910K, committed 24896K, reserved 1048576K
}
Event: 14609.145 GC heap after
{Heap after GC invocations=354 (full 49):
 garbage-first heap   total 172032K, used 61352K [0x0000000701800000, 0x0000000800000000)
  region size 2048K, 1 young (2048K), 1 survivors (2048K)
 Metaspace       used 196782K, committed 198976K, reserved 1245184K
  class space    used 23910K, committed 24896K, reserved 1048576K
}
Event: 14736.292 GC heap before
{Heap before GC invocations=354 (full 49):
 garbage-first heap   total 172032K, used 157608K [0x0000000701800000, 0x0000000800000000)
  region size 2048K, 48 young (98304K), 1 survivors (2048K)
 Metaspace       used 196792K, committed 198976K, reserved 1245184K
  class space    used 23912K, committed 24896K, reserved 1048576K
}
Event: 14736.295 GC heap after
{Heap after GC invocations=355 (full 49):
 garbage-first heap   total 172032K, used 61418K [0x0000000701800000, 0x0000000800000000)
  region size 2048K, 1 young (2048K), 1 survivors (2048K)
 Metaspace       used 196792K, committed 198976K, reserved 1245184K
  class space    used 23912K, committed 24896K, reserved 1048576K
}
Event: 14858.574 GC heap before
{Heap before GC invocations=356 (full 49):
 garbage-first heap   total 172032K, used 155626K [0x0000000701800000, 0x0000000800000000)
  region size 2048K, 48 young (98304K), 1 survivors (2048K)
 Metaspace       used 196782K, committed 198976K, reserved 1245184K
  class space    used 23910K, committed 24896K, reserved 1048576K
}
Event: 14858.578 GC heap after
{Heap after GC invocations=357 (full 49):
 garbage-first heap   total 172032K, used 61567K [0x0000000701800000, 0x0000000800000000)
  region size 2048K, 1 young (2048K), 1 survivors (2048K)
 Metaspace       used 196782K, committed 198976K, reserved 1245184K
  class space    used 23910K, committed 24896K, reserved 1048576K
}
Event: 14914.533 GC heap before
{Heap before GC invocations=357 (full 49):
 garbage-first heap   total 172032K, used 108671K [0x0000000701800000, 0x0000000800000000)
  region size 2048K, 25 young (51200K), 1 survivors (2048K)
 Metaspace       used 196789K, committed 198976K, reserved 1245184K
  class space    used 23912K, committed 24896K, reserved 1048576K
}
Event: 14914.688 GC heap after
{Heap after GC invocations=358 (full 50):
 garbage-first heap   total 172032K, used 56737K [0x0000000701800000, 0x0000000800000000)
  region size 2048K, 0 young (0K), 0 survivors (0K)
 Metaspace       used 196691K, committed 198976K, reserved 1245184K
  class space    used 23894K, committed 24896K, reserved 1048576K
}
Event: 14918.010 GC heap before
{Heap before GC invocations=358 (full 50):
 garbage-first heap   total 172032K, used 124321K [0x0000000701800000, 0x0000000800000000)
  region size 2048K, 34 young (69632K), 0 survivors (0K)
 Metaspace       used 197416K, committed 199360K, reserved 1245184K
  class space    used 24016K, committed 24896K, reserved 1048576K
}
Event: 14918.019 GC heap after
{Heap after GC invocations=359 (full 50):
 garbage-first heap   total 172032K, used 62687K [0x0000000701800000, 0x0000000800000000)
  region size 2048K, 3 young (6144K), 3 survivors (6144K)
 Metaspace       used 197416K, committed 199360K, reserved 1245184K
  class space    used 24016K, committed 24896K, reserved 1048576K
}
Event: 14919.918 GC heap before
{Heap before GC invocations=360 (full 50):
 garbage-first heap   total 172032K, used 124127K [0x0000000701800000, 0x0000000800000000)
  region size 2048K, 35 young (71680K), 3 survivors (6144K)
 Metaspace       used 197918K, committed 199872K, reserved 1245184K
  class space    used 24080K, committed 24960K, reserved 1048576K
}
Event: 14919.934 GC heap after
{Heap after GC invocations=361 (full 50):
 garbage-first heap   total 172032K, used 66977K [0x0000000701800000, 0x0000000800000000)
  region size 2048K, 5 young (10240K), 5 survivors (10240K)
 Metaspace       used 197918K, committed 199872K, reserved 1245184K
  class space    used 24080K, committed 24960K, reserved 1048576K
}
Event: 15003.406 GC heap before
{Heap before GC invocations=362 (full 50):
 garbage-first heap   total 172032K, used 146849K [0x0000000701800000, 0x0000000800000000)
  region size 2048K, 44 young (90112K), 5 survivors (10240K)
 Metaspace       used 198717K, committed 200768K, reserved 1245184K
  class space    used 24154K, committed 25088K, reserved 1048576K
}
Event: 15003.430 GC heap after
{Heap after GC invocations=363 (full 50):
 garbage-first heap   total 172032K, used 70128K [0x0000000701800000, 0x0000000800000000)
  region size 2048K, 4 young (8192K), 4 survivors (8192K)
 Metaspace       used 198717K, committed 200768K, reserved 1245184K
  class space    used 24154K, committed 25088K, reserved 1048576K
}

