# JRE version: OpenJDK Runtime Environment Temurin-21.0.7+6 (21.0.7+6) (build 21.0.7+6-LTS)
# Java VM: OpenJDK 64-Bit Server VM Temurin-21.0.7+6 (21.0.7+6-LTS, mixed mode, emulated-client, sharing, tiered, compressed oops, compressed class ptrs, g1 gc, windows-amd64)
GC Precious Log:
 CardTable entry size: 512
 Card Set container configuration: InlinePtr #cards 4 size 8 Array Of Cards #cards 16 size 48 Howl #buckets 8 coarsen threshold 3686 Howl Bitmap #cards 512 size 80 coarsen threshold 460 Card regions per heap region 1 cards per card region 4096
 CPUs: 4 total, 4 available
 Memory: 16280M
 Large Page Support: Disabled
 NUMA Support: Disabled
 Compressed Oops: Enabled (Zero based)
 Heap Region Size: 2M
 Heap Min Capacity: 8M
 Heap Initial Capacity: 256M
 Heap Max Capacity: 4072M
 Pre-touch: Disabled
 Parallel Workers: 4
 Concurrent Workers: 1
 Concurrent Refinement Workers: 4
 Periodic GC: Disabled
Heap:
 garbage-first heap   total 151552K, used 129459K [0x0000000701800000, 0x0000000800000000)
  region size 2048K, 40 young (81920K), 3 survivors (6144K)
 Metaspace       used 116203K, committed 117184K, reserved 1179648K
  class space    used 15663K, committed 16128K, reserved 1048576K
GC Heap History (20 events):
Event: 3490.218 GC heap after
{Heap after GC invocations=110 (full 5):
 garbage-first heap   total 124928K, used 48890K [0x0000000701800000, 0x0000000800000000)
  region size 2048K, 3 young (6144K), 3 survivors (6144K)
 Metaspace       used 112922K, committed 113792K, reserved 1179648K
  class space    used 15316K, committed 15744K, reserved 1048576K
}
Event: 3491.587 GC heap before
{Heap before GC invocations=111 (full 5):
 garbage-first heap   total 124928K, used 98042K [0x0000000701800000, 0x0000000800000000)
  region size 2048K, 28 young (57344K), 3 survivors (6144K)
 Metaspace       used 113226K, committed 114112K, reserved 1179648K
  class space    used 15371K, committed 15808K, reserved 1048576K
}
Event: 3491.600 GC heap after
{Heap after GC invocations=112 (full 5):
 garbage-first heap   total 124928K, used 52784K [0x0000000701800000, 0x0000000800000000)
  region size 2048K, 2 young (4096K), 2 survivors (4096K)
 Metaspace       used 113226K, committed 114112K, reserved 1179648K
  class space    used 15371K, committed 15808K, reserved 1048576K
}
Event: 3492.554 GC heap before
{Heap before GC invocations=113 (full 5):
 garbage-first heap   total 124928K, used 108080K [0x0000000701800000, 0x0000000800000000)
  region size 2048K, 29 young (59392K), 2 survivors (4096K)
 Metaspace       used 114101K, committed 115008K, reserved 1179648K
  class space    used 15447K, committed 15872K, reserved 1048576K
}
Event: 3492.565 GC heap after
{Heap after GC invocations=114 (full 5):
 garbage-first heap   total 124928K, used 56797K [0x0000000701800000, 0x0000000800000000)
  region size 2048K, 4 young (8192K), 4 survivors (8192K)
 Metaspace       used 114101K, committed 115008K, reserved 1179648K
  class space    used 15447K, committed 15872K, reserved 1048576K
}
Event: 3493.313 GC heap before
{Heap before GC invocations=114 (full 5):
 garbage-first heap   total 124928K, used 103901K [0x0000000701800000, 0x0000000800000000)
  region size 2048K, 27 young (55296K), 4 survivors (8192K)
 Metaspace       used 114636K, committed 115648K, reserved 1179648K
  class space    used 15502K, committed 16000K, reserved 1048576K
}
Event: 3493.329 GC heap after
{Heap after GC invocations=115 (full 5):
 garbage-first heap   total 124928K, used 59302K [0x0000000701800000, 0x0000000800000000)
  region size 2048K, 4 young (8192K), 4 survivors (8192K)
 Metaspace       used 114636K, committed 115648K, reserved 1179648K
  class space    used 15502K, committed 16000K, reserved 1048576K
}
Event: 3547.808 GC heap before
{Heap before GC invocations=115 (full 5):
 garbage-first heap   total 124928K, used 104358K [0x0000000701800000, 0x0000000800000000)
  region size 2048K, 26 young (53248K), 4 survivors (8192K)
 Metaspace       used 114636K, committed 115648K, reserved 1179648K
  class space    used 15502K, committed 16000K, reserved 1048576K
}
Event: 3547.823 GC heap after
{Heap after GC invocations=116 (full 5):
 garbage-first heap   total 151552K, used 59355K [0x0000000701800000, 0x0000000800000000)
  region size 2048K, 2 young (4096K), 2 survivors (4096K)
 Metaspace       used 114636K, committed 115648K, reserved 1179648K
  class space    used 15502K, committed 16000K, reserved 1048576K
}
Event: 3638.336 GC heap before
{Heap before GC invocations=117 (full 5):
 garbage-first heap   total 151552K, used 133083K [0x0000000701800000, 0x0000000800000000)
  region size 2048K, 38 young (77824K), 2 survivors (4096K)
 Metaspace       used 114561K, committed 115648K, reserved 1179648K
  class space    used 15483K, committed 16000K, reserved 1048576K
}
Event: 3638.342 GC heap after
{Heap after GC invocations=118 (full 5):
 garbage-first heap   total 151552K, used 59231K [0x0000000701800000, 0x0000000800000000)
  region size 2048K, 2 young (4096K), 2 survivors (4096K)
 Metaspace       used 114561K, committed 115648K, reserved 1179648K
  class space    used 15483K, committed 16000K, reserved 1048576K
}
Event: 3728.948 GC heap before
{Heap before GC invocations=118 (full 5):
 garbage-first heap   total 151552K, used 132959K [0x0000000701800000, 0x0000000800000000)
  region size 2048K, 38 young (77824K), 2 survivors (4096K)
 Metaspace       used 114561K, committed 115648K, reserved 1179648K
  class space    used 15483K, committed 16000K, reserved 1048576K
}
Event: 3728.958 GC heap after
{Heap after GC invocations=119 (full 5):
 garbage-first heap   total 151552K, used 56083K [0x0000000701800000, 0x0000000800000000)
  region size 2048K, 2 young (4096K), 2 survivors (4096K)
 Metaspace       used 114561K, committed 115648K, reserved 1179648K
  class space    used 15483K, committed 16000K, reserved 1048576K
}
Event: 3766.144 GC heap before
{Heap before GC invocations=119 (full 5):
 garbage-first heap   total 151552K, used 88851K [0x0000000701800000, 0x0000000800000000)
  region size 2048K, 19 young (38912K), 2 survivors (4096K)
 Metaspace       used 114564K, committed 115648K, reserved 1179648K
  class space    used 15483K, committed 16000K, reserved 1048576K
}
Event: 3766.250 GC heap after
{Heap after GC invocations=120 (full 6):
 garbage-first heap   total 151552K, used 41646K [0x0000000701800000, 0x0000000800000000)
  region size 2048K, 0 young (0K), 0 survivors (0K)
 Metaspace       used 114306K, committed 115648K, reserved 1179648K
  class space    used 15423K, committed 16000K, reserved 1048576K
}
Event: 3769.317 GC heap before
{Heap before GC invocations=120 (full 6):
 garbage-first heap   total 151552K, used 129710K [0x0000000701800000, 0x0000000800000000)
  region size 2048K, 44 young (90112K), 0 survivors (0K)
 Metaspace       used 115188K, committed 116096K, reserved 1179648K
  class space    used 15573K, committed 16000K, reserved 1048576K
}
Event: 3769.330 GC heap after
{Heap after GC invocations=121 (full 6):
 garbage-first heap   total 151552K, used 49460K [0x0000000701800000, 0x0000000800000000)
  region size 2048K, 4 young (8192K), 4 survivors (8192K)
 Metaspace       used 115188K, committed 116096K, reserved 1179648K
  class space    used 15573K, committed 16000K, reserved 1048576K
}
Event: 3793.134 GC heap before
{Heap before GC invocations=122 (full 6):
 garbage-first heap   total 151552K, used 129332K [0x0000000701800000, 0x0000000800000000)
  region size 2048K, 43 young (88064K), 4 survivors (8192K)
 Metaspace       used 116022K, committed 116992K, reserved 1179648K
  class space    used 15658K, committed 16128K, reserved 1048576K
}
Event: 3793.148 GC heap after
{Heap after GC invocations=123 (full 6):
 garbage-first heap   total 151552K, used 53683K [0x0000000701800000, 0x0000000800000000)
  region size 2048K, 3 young (6144K), 3 survivors (6144K)
 Metaspace       used 116022K, committed 116992K, reserved 1179648K
  class space    used 15658K, committed 16128K, reserved 1048576K
}
Event: 3967.856 GC heap before
{Heap before GC invocations=123 (full 6):
 garbage-first heap   total 151552K, used 127411K [0x0000000701800000, 0x0000000800000000)
  region size 2048K, 40 young (81920K), 3 survivors (6144K)
 Metaspace       used 116203K, committed 117184K, reserved 1179648K
  class space    used 15663K, committed 16128K, reserved 1048576K
}

