# JRE version: OpenJDK Runtime Environment Temurin-21.0.7+6 (21.0.7+6) (build 21.0.7+6-LTS)
# Java VM: OpenJDK 64-Bit Server VM Temurin-21.0.7+6 (21.0.7+6-LTS, mixed mode, emulated-client, sharing, tiered, compressed oops, compressed class ptrs, g1 gc, windows-amd64)
GC Precious Log:
 CardTable entry size: 512
 Card Set container configuration: InlinePtr #cards 4 size 8 Array Of Cards #cards 16 size 48 Howl #buckets 8 coarsen threshold 3686 Howl Bitmap #cards 512 size 80 coarsen threshold 460 Card regions per heap region 1 cards per card region 4096
 CPUs: 4 total, 4 available
 Memory: 16280M
 Large Page Support: Disabled
 NUMA Support: Disabled
 Compressed Oops: Enabled (Zero based)
 Heap Region Size: 2M
 Heap Min Capacity: 8M
 Heap Initial Capacity: 256M
 Heap Max Capacity: 4072M
 Pre-touch: Disabled
 Parallel Workers: 4
 Concurrent Workers: 1
 Concurrent Refinement Workers: 4
 Periodic GC: Disabled
Heap:
 garbage-first heap   total 274432K, used 202415K [0x0000000701800000, 0x0000000800000000)
  region size 2048K, 61 young (124928K), 5 survivors (10240K)
 Metaspace       used 289933K, committed 292672K, reserved 1310720K
  class space    used 34470K, committed 35840K, reserved 1048576K
GC Heap History (20 events):
Event: 14331.386 GC heap before
{Heap before GC invocations=441 (full 81):
 garbage-first heap   total 280576K, used 135336K [0x0000000701800000, 0x0000000800000000)
  region size 2048K, 28 young (57344K), 5 survivors (10240K)
 Metaspace       used 280971K, committed 283776K, reserved 1310720K
  class space    used 33521K, committed 34944K, reserved 1048576K
}
Event: 14331.639 GC heap after
{Heap after GC invocations=442 (full 82):
 garbage-first heap   total 274432K, used 77857K [0x0000000701800000, 0x0000000800000000)
  region size 2048K, 0 young (0K), 0 survivors (0K)
 Metaspace       used 280511K, committed 283776K, reserved 1310720K
  class space    used 33418K, committed 34944K, reserved 1048576K
}
Event: 14341.110 GC heap before
{Heap before GC invocations=442 (full 82):
 garbage-first heap   total 274432K, used 239649K [0x0000000701800000, 0x0000000800000000)
  region size 2048K, 80 young (163840K), 0 survivors (0K)
 Metaspace       used 282270K, committed 284992K, reserved 1310720K
  class space    used 33631K, committed 35008K, reserved 1048576K
}
Event: 14341.126 GC heap after
{Heap after GC invocations=443 (full 82):
 garbage-first heap   total 274432K, used 88097K [0x0000000701800000, 0x0000000800000000)
  region size 2048K, 5 young (10240K), 5 survivors (10240K)
 Metaspace       used 282270K, committed 284992K, reserved 1310720K
  class space    used 33631K, committed 35008K, reserved 1048576K
}
Event: 14399.411 GC heap before
{Heap before GC invocations=444 (full 82):
 garbage-first heap   total 274432K, used 184353K [0x0000000701800000, 0x0000000800000000)
  region size 2048K, 53 young (108544K), 5 survivors (10240K)
 Metaspace       used 282847K, committed 285504K, reserved 1310720K
  class space    used 33677K, committed 35008K, reserved 1048576K
}
Event: 14399.427 GC heap after
{Heap after GC invocations=445 (full 82):
 garbage-first heap   total 274432K, used 89546K [0x0000000701800000, 0x0000000800000000)
  region size 2048K, 6 young (12288K), 6 survivors (12288K)
 Metaspace       used 282847K, committed 285504K, reserved 1310720K
  class space    used 33677K, committed 35008K, reserved 1048576K
}
Event: 14507.287 GC heap before
{Heap before GC invocations=446 (full 82):
 garbage-first heap   total 274432K, used 153034K [0x0000000701800000, 0x0000000800000000)
  region size 2048K, 38 young (77824K), 6 survivors (12288K)
 Metaspace       used 282921K, committed 285568K, reserved 1310720K
  class space    used 33695K, committed 35008K, reserved 1048576K
}
Event: 14507.489 GC heap after
{Heap after GC invocations=447 (full 83):
 garbage-first heap   total 274432K, used 78186K [0x0000000701800000, 0x0000000800000000)
  region size 2048K, 0 young (0K), 0 survivors (0K)
 Metaspace       used 282842K, committed 285568K, reserved 1310720K
  class space    used 33684K, committed 35008K, reserved 1048576K
}
Event: 14510.083 GC heap before
{Heap before GC invocations=447 (full 83):
 garbage-first heap   total 274432K, used 239978K [0x0000000701800000, 0x0000000800000000)
  region size 2048K, 80 young (163840K), 0 survivors (0K)
 Metaspace       used 284591K, committed 287296K, reserved 1310720K
  class space    used 33878K, committed 35200K, reserved 1048576K
}
Event: 14510.097 GC heap after
{Heap after GC invocations=448 (full 83):
 garbage-first heap   total 274432K, used 88419K [0x0000000701800000, 0x0000000800000000)
  region size 2048K, 5 young (10240K), 5 survivors (10240K)
 Metaspace       used 284591K, committed 287296K, reserved 1310720K
  class space    used 33878K, committed 35200K, reserved 1048576K
}
Event: 14549.528 GC heap before
{Heap before GC invocations=449 (full 83):
 garbage-first heap   total 274432K, used 176483K [0x0000000701800000, 0x0000000800000000)
  region size 2048K, 49 young (100352K), 5 survivors (10240K)
 Metaspace       used 285310K, committed 288064K, reserved 1310720K
  class space    used 33961K, committed 35328K, reserved 1048576K
}
Event: 14549.544 GC heap after
{Heap after GC invocations=450 (full 83):
 garbage-first heap   total 274432K, used 88264K [0x0000000701800000, 0x0000000800000000)
  region size 2048K, 5 young (10240K), 5 survivors (10240K)
 Metaspace       used 285310K, committed 288064K, reserved 1310720K
  class space    used 33961K, committed 35328K, reserved 1048576K
}
Event: 14595.286 GC heap before
{Heap before GC invocations=451 (full 83):
 garbage-first heap   total 274432K, used 116936K [0x0000000701800000, 0x0000000800000000)
  region size 2048K, 20 young (40960K), 5 survivors (10240K)
 Metaspace       used 285227K, committed 288064K, reserved 1310720K
  class space    used 33942K, committed 35328K, reserved 1048576K
}
Event: 14595.597 GC heap after
{Heap after GC invocations=452 (full 84):
 garbage-first heap   total 274432K, used 78480K [0x0000000701800000, 0x0000000800000000)
  region size 2048K, 0 young (0K), 0 survivors (0K)
 Metaspace       used 285147K, committed 288064K, reserved 1310720K
  class space    used 33931K, committed 35328K, reserved 1048576K
}
Event: 14598.240 GC heap before
{Heap before GC invocations=452 (full 84):
 garbage-first heap   total 274432K, used 240272K [0x0000000701800000, 0x0000000800000000)
  region size 2048K, 80 young (163840K), 0 survivors (0K)
 Metaspace       used 286930K, committed 289664K, reserved 1310720K
  class space    used 34141K, committed 35520K, reserved 1048576K
}
Event: 14598.254 GC heap after
{Heap after GC invocations=453 (full 84):
 garbage-first heap   total 274432K, used 88597K [0x0000000701800000, 0x0000000800000000)
  region size 2048K, 5 young (10240K), 5 survivors (10240K)
 Metaspace       used 286930K, committed 289664K, reserved 1310720K
  class space    used 34141K, committed 35520K, reserved 1048576K
}
Event: 14705.408 GC heap before
{Heap before GC invocations=454 (full 84):
 garbage-first heap   total 274432K, used 211477K [0x0000000701800000, 0x0000000800000000)
  region size 2048K, 66 young (135168K), 5 survivors (10240K)
 Metaspace       used 287624K, committed 290368K, reserved 1310720K
  class space    used 34219K, committed 35584K, reserved 1048576K
}
Event: 14705.595 GC heap after
{Heap after GC invocations=455 (full 85):
 garbage-first heap   total 274432K, used 79663K [0x0000000701800000, 0x0000000800000000)
  region size 2048K, 0 young (0K), 0 survivors (0K)
 Metaspace       used 287545K, committed 290368K, reserved 1310720K
  class space    used 34208K, committed 35584K, reserved 1048576K
}
Event: 14708.542 GC heap before
{Heap before GC invocations=455 (full 85):
 garbage-first heap   total 274432K, used 241455K [0x0000000701800000, 0x0000000800000000)
  region size 2048K, 80 young (163840K), 0 survivors (0K)
 Metaspace       used 289294K, committed 292032K, reserved 1310720K
  class space    used 34401K, committed 35776K, reserved 1048576K
}
Event: 14708.557 GC heap after
{Heap after GC invocations=456 (full 85):
 garbage-first heap   total 274432K, used 89775K [0x0000000701800000, 0x0000000800000000)
  region size 2048K, 5 young (10240K), 5 survivors (10240K)
 Metaspace       used 289294K, committed 292032K, reserved 1310720K
  class space    used 34401K, committed 35776K, reserved 1048576K
}

