# JRE version: OpenJDK Runtime Environment Temurin-21.0.7+6 (21.0.7+6) (build 21.0.7+6-LTS)
# Java VM: OpenJDK 64-Bit Server VM Temurin-21.0.7+6 (21.0.7+6-LTS, mixed mode, emulated-client, sharing, tiered, compressed oops, compressed class ptrs, g1 gc, windows-amd64)
GC Precious Log:
 CardTable entry size: 512
 Card Set container configuration: InlinePtr #cards 4 size 8 Array Of Cards #cards 16 size 48 Howl #buckets 8 coarsen threshold 3686 Howl Bitmap #cards 512 size 80 coarsen threshold 460 Card regions per heap region 1 cards per card region 4096
 CPUs: 4 total, 4 available
 Memory: 16280M
 Large Page Support: Disabled
 NUMA Support: Disabled
 Compressed Oops: Enabled (Zero based)
 Heap Region Size: 2M
 Heap Min Capacity: 8M
 Heap Initial Capacity: 256M
 Heap Max Capacity: 4072M
 Pre-touch: Disabled
 Parallel Workers: 4
 Concurrent Workers: 1
 Concurrent Refinement Workers: 4
 Periodic GC: Disabled
Heap:
 garbage-first heap   total 157696K, used 131152K [0x0000000701800000, 0x0000000800000000)
  region size 2048K, 39 young (79872K), 2 survivors (4096K)
 Metaspace       used 130821K, committed 131968K, reserved 1179648K
  class space    used 17175K, committed 17728K, reserved 1048576K
GC Heap History (20 events):
Event: 14040.708 GC heap after
{Heap after GC invocations=197 (full 18):
 garbage-first heap   total 157696K, used 62214K [0x0000000701800000, 0x0000000800000000)
  region size 2048K, 3 young (6144K), 3 survivors (6144K)
 Metaspace       used 129614K, committed 130944K, reserved 1179648K
  class space    used 17018K, committed 17664K, reserved 1048576K
}
Event: 14130.799 GC heap before
{Heap before GC invocations=198 (full 18):
 garbage-first heap   total 157696K, used 140038K [0x0000000701800000, 0x0000000800000000)
  region size 2048K, 41 young (83968K), 3 survivors (6144K)
 Metaspace       used 129498K, committed 130944K, reserved 1179648K
  class space    used 16982K, committed 17664K, reserved 1048576K
}
Event: 14130.807 GC heap after
{Heap after GC invocations=199 (full 18):
 garbage-first heap   total 157696K, used 62013K [0x0000000701800000, 0x0000000800000000)
  region size 2048K, 3 young (6144K), 3 survivors (6144K)
 Metaspace       used 129498K, committed 130944K, reserved 1179648K
  class space    used 16982K, committed 17664K, reserved 1048576K
}
Event: 14218.254 GC heap before
{Heap before GC invocations=199 (full 18):
 garbage-first heap   total 157696K, used 139837K [0x0000000701800000, 0x0000000800000000)
  region size 2048K, 41 young (83968K), 3 survivors (6144K)
 Metaspace       used 129712K, committed 131008K, reserved 1179648K
  class space    used 17000K, committed 17664K, reserved 1048576K
}
Event: 14218.265 GC heap after
{Heap after GC invocations=200 (full 18):
 garbage-first heap   total 157696K, used 59268K [0x0000000701800000, 0x0000000800000000)
  region size 2048K, 3 young (6144K), 3 survivors (6144K)
 Metaspace       used 129712K, committed 131008K, reserved 1179648K
  class space    used 17000K, committed 17664K, reserved 1048576K
}
Event: 14284.698 GC heap before
{Heap before GC invocations=200 (full 18):
 garbage-first heap   total 157696K, used 114564K [0x0000000701800000, 0x0000000800000000)
  region size 2048K, 31 young (63488K), 3 survivors (6144K)
 Metaspace       used 129719K, committed 131008K, reserved 1179648K
  class space    used 17001K, committed 17664K, reserved 1048576K
}
Event: 14284.709 GC heap after
{Heap after GC invocations=201 (full 18):
 garbage-first heap   total 157696K, used 59107K [0x0000000701800000, 0x0000000800000000)
  region size 2048K, 3 young (6144K), 3 survivors (6144K)
 Metaspace       used 129719K, committed 131008K, reserved 1179648K
  class space    used 17001K, committed 17664K, reserved 1048576K
}
Event: 14381.689 GC heap before
{Heap before GC invocations=202 (full 18):
 garbage-first heap   total 157696K, used 138979K [0x0000000701800000, 0x0000000800000000)
  region size 2048K, 42 young (86016K), 3 survivors (6144K)
 Metaspace       used 129715K, committed 131008K, reserved 1179648K
  class space    used 17000K, committed 17664K, reserved 1048576K
}
Event: 14381.696 GC heap after
{Heap after GC invocations=203 (full 18):
 garbage-first heap   total 157696K, used 58775K [0x0000000701800000, 0x0000000800000000)
  region size 2048K, 3 young (6144K), 3 survivors (6144K)
 Metaspace       used 129715K, committed 131008K, reserved 1179648K
  class space    used 17000K, committed 17664K, reserved 1048576K
}
Event: 14479.589 GC heap before
{Heap before GC invocations=203 (full 18):
 garbage-first heap   total 157696K, used 138647K [0x0000000701800000, 0x0000000800000000)
  region size 2048K, 42 young (86016K), 3 survivors (6144K)
 Metaspace       used 129725K, committed 131008K, reserved 1179648K
  class space    used 17002K, committed 17664K, reserved 1048576K
}
Event: 14479.598 GC heap after
{Heap after GC invocations=204 (full 18):
 garbage-first heap   total 157696K, used 57030K [0x0000000701800000, 0x0000000800000000)
  region size 2048K, 3 young (6144K), 3 survivors (6144K)
 Metaspace       used 129725K, committed 131008K, reserved 1179648K
  class space    used 17002K, committed 17664K, reserved 1048576K
}
Event: 14579.228 GC heap before
{Heap before GC invocations=204 (full 18):
 garbage-first heap   total 157696K, used 138950K [0x0000000701800000, 0x0000000800000000)
  region size 2048K, 43 young (88064K), 3 survivors (6144K)
 Metaspace       used 129725K, committed 131008K, reserved 1179648K
  class space    used 17002K, committed 17664K, reserved 1048576K
}
Event: 14579.236 GC heap after
{Heap after GC invocations=205 (full 18):
 garbage-first heap   total 157696K, used 57005K [0x0000000701800000, 0x0000000800000000)
  region size 2048K, 3 young (6144K), 3 survivors (6144K)
 Metaspace       used 129725K, committed 131008K, reserved 1179648K
  class space    used 17002K, committed 17664K, reserved 1048576K
}
Event: 14677.854 GC heap before
{Heap before GC invocations=206 (full 18):
 garbage-first heap   total 157696K, used 138925K [0x0000000701800000, 0x0000000800000000)
  region size 2048K, 43 young (88064K), 3 survivors (6144K)
 Metaspace       used 129725K, committed 131008K, reserved 1179648K
  class space    used 17002K, committed 17664K, reserved 1048576K
}
Event: 14677.862 GC heap after
{Heap after GC invocations=207 (full 18):
 garbage-first heap   total 157696K, used 56973K [0x0000000701800000, 0x0000000800000000)
  region size 2048K, 3 young (6144K), 3 survivors (6144K)
 Metaspace       used 129725K, committed 131008K, reserved 1179648K
  class space    used 17002K, committed 17664K, reserved 1048576K
}
Event: 14704.135 GC heap before
{Heap before GC invocations=207 (full 18):
 garbage-first heap   total 157696K, used 79501K [0x0000000701800000, 0x0000000800000000)
  region size 2048K, 15 young (30720K), 3 survivors (6144K)
 Metaspace       used 129746K, committed 131008K, reserved 1179648K
  class space    used 17005K, committed 17664K, reserved 1048576K
}
Event: 14704.266 GC heap after
{Heap after GC invocations=208 (full 19):
 garbage-first heap   total 157696K, used 46728K [0x0000000701800000, 0x0000000800000000)
  region size 2048K, 0 young (0K), 0 survivors (0K)
 Metaspace       used 129565K, committed 131008K, reserved 1179648K
  class space    used 16970K, committed 17664K, reserved 1048576K
}
Event: 14706.966 GC heap before
{Heap before GC invocations=208 (full 19):
 garbage-first heap   total 157696K, used 138888K [0x0000000701800000, 0x0000000800000000)
  region size 2048K, 46 young (94208K), 0 survivors (0K)
 Metaspace       used 130494K, committed 131648K, reserved 1179648K
  class space    used 17140K, committed 17664K, reserved 1048576K
}
Event: 14706.994 GC heap after
{Heap after GC invocations=209 (full 19):
 garbage-first heap   total 157696K, used 55376K [0x0000000701800000, 0x0000000800000000)
  region size 2048K, 5 young (10240K), 5 survivors (10240K)
 Metaspace       used 130494K, committed 131648K, reserved 1179648K
  class space    used 17140K, committed 17664K, reserved 1048576K
}
Event: 14804.870 GC heap before
{Heap before GC invocations=210 (full 19):
 garbage-first heap   total 157696K, used 131152K [0x0000000701800000, 0x0000000800000000)
  region size 2048K, 42 young (86016K), 5 survivors (10240K)
 Metaspace       used 130821K, committed 131968K, reserved 1179648K
  class space    used 17175K, committed 17728K, reserved 1048576K
}

