# JRE version: OpenJDK Runtime Environment Temurin-21.0.7+6 (21.0.7+6) (build 21.0.7+6-LTS)
# Java VM: OpenJDK 64-Bit Server VM Temurin-21.0.7+6 (21.0.7+6-LTS, mixed mode, emulated-client, sharing, tiered, compressed oops, compressed class ptrs, g1 gc, windows-amd64)
GC Precious Log:
 CardTable entry size: 512
 Card Set container configuration: InlinePtr #cards 4 size 8 Array Of Cards #cards 16 size 48 Howl #buckets 8 coarsen threshold 3686 Howl Bitmap #cards 512 size 80 coarsen threshold 460 Card regions per heap region 1 cards per card region 4096
 CPUs: 4 total, 4 available
 Memory: 16280M
 Large Page Support: Disabled
 NUMA Support: Disabled
 Compressed Oops: Enabled (Zero based)
 Heap Region Size: 2M
 Heap Min Capacity: 8M
 Heap Initial Capacity: 256M
 Heap Max Capacity: 4072M
 Pre-touch: Disabled
 Parallel Workers: 4
 Concurrent Workers: 1
 Concurrent Refinement Workers: 4
 Periodic GC: Disabled
Heap:
 garbage-first heap   total 131072K, used 54376K [0x0000000701800000, 0x0000000800000000)
  region size 2048K, 7 young (14336K), 2 survivors (4096K)
 Metaspace       used 93899K, committed 94720K, reserved 1179648K
  class space    used 12875K, committed 13248K, reserved 1048576K
GC Heap History (20 events):
Event: 683.285 GC heap before
{Heap before GC invocations=53 (full 5):
 garbage-first heap   total 110592K, used 95787K [0x0000000701800000, 0x0000000800000000)
  region size 2048K, 29 young (59392K), 2 survivors (4096K)
 Metaspace       used 89160K, committed 89984K, reserved 1179648K
  class space    used 12390K, committed 12736K, reserved 1048576K
}
Event: 683.297 GC heap after
{Heap after GC invocations=54 (full 5):
 garbage-first heap   total 151552K, used 44372K [0x0000000701800000, 0x0000000800000000)
  region size 2048K, 4 young (8192K), 4 survivors (8192K)
 Metaspace       used 89160K, committed 89984K, reserved 1179648K
  class space    used 12390K, committed 12736K, reserved 1048576K
}
Event: 696.465 GC heap before
{Heap before GC invocations=54 (full 5):
 garbage-first heap   total 151552K, used 70996K [0x0000000701800000, 0x0000000800000000)
  region size 2048K, 18 young (36864K), 4 survivors (8192K)
 Metaspace       used 89194K, committed 89984K, reserved 1179648K
  class space    used 12399K, committed 12736K, reserved 1048576K
}
Event: 696.557 GC heap after
{Heap after GC invocations=55 (full 6):
 garbage-first heap   total 131072K, used 35355K [0x0000000701800000, 0x0000000800000000)
  region size 2048K, 0 young (0K), 0 survivors (0K)
 Metaspace       used 89054K, committed 89984K, reserved 1179648K
  class space    used 12371K, committed 12736K, reserved 1048576K
}
Event: 698.172 GC heap before
{Heap before GC invocations=55 (full 6):
 garbage-first heap   total 131072K, used 109083K [0x0000000701800000, 0x0000000800000000)
  region size 2048K, 37 young (75776K), 0 survivors (0K)
 Metaspace       used 89597K, committed 90432K, reserved 1179648K
  class space    used 12454K, committed 12800K, reserved 1048576K
}
Event: 698.181 GC heap after
{Heap after GC invocations=56 (full 6):
 garbage-first heap   total 131072K, used 41242K [0x0000000701800000, 0x0000000800000000)
  region size 2048K, 3 young (6144K), 3 survivors (6144K)
 Metaspace       used 89597K, committed 90432K, reserved 1179648K
  class space    used 12454K, committed 12800K, reserved 1048576K
}
Event: 699.066 GC heap before
{Heap before GC invocations=56 (full 6):
 garbage-first heap   total 131072K, used 112922K [0x0000000701800000, 0x0000000800000000)
  region size 2048K, 38 young (77824K), 3 survivors (6144K)
 Metaspace       used 90475K, committed 91264K, reserved 1179648K
  class space    used 12534K, committed 12864K, reserved 1048576K
}
Event: 699.078 GC heap after
{Heap after GC invocations=57 (full 6):
 garbage-first heap   total 131072K, used 44206K [0x0000000701800000, 0x0000000800000000)
  region size 2048K, 2 young (4096K), 2 survivors (4096K)
 Metaspace       used 90475K, committed 91264K, reserved 1179648K
  class space    used 12534K, committed 12864K, reserved 1048576K
}
Event: 705.704 GC heap before
{Heap before GC invocations=57 (full 6):
 garbage-first heap   total 131072K, used 91310K [0x0000000701800000, 0x0000000800000000)
  region size 2048K, 26 young (53248K), 2 survivors (4096K)
 Metaspace       used 90731K, committed 91584K, reserved 1179648K
  class space    used 12556K, committed 12928K, reserved 1048576K
}
Event: 705.865 GC heap after
{Heap after GC invocations=58 (full 7):
 garbage-first heap   total 131072K, used 36312K [0x0000000701800000, 0x0000000800000000)
  region size 2048K, 0 young (0K), 0 survivors (0K)
 Metaspace       used 90667K, committed 91584K, reserved 1179648K
  class space    used 12547K, committed 12928K, reserved 1048576K
}
Event: 707.330 GC heap before
{Heap before GC invocations=58 (full 7):
 garbage-first heap   total 131072K, used 110040K [0x0000000701800000, 0x0000000800000000)
  region size 2048K, 37 young (75776K), 0 survivors (0K)
 Metaspace       used 91209K, committed 92032K, reserved 1179648K
  class space    used 12622K, committed 12992K, reserved 1048576K
}
Event: 707.340 GC heap after
{Heap after GC invocations=59 (full 7):
 garbage-first heap   total 131072K, used 42289K [0x0000000701800000, 0x0000000800000000)
  region size 2048K, 3 young (6144K), 3 survivors (6144K)
 Metaspace       used 91209K, committed 92032K, reserved 1179648K
  class space    used 12622K, committed 12992K, reserved 1048576K
}
Event: 708.452 GC heap before
{Heap before GC invocations=59 (full 7):
 garbage-first heap   total 131072K, used 111921K [0x0000000701800000, 0x0000000800000000)
  region size 2048K, 37 young (75776K), 3 survivors (6144K)
 Metaspace       used 92041K, committed 92864K, reserved 1179648K
  class space    used 12695K, committed 13056K, reserved 1048576K
}
Event: 708.464 GC heap after
{Heap after GC invocations=60 (full 7):
 garbage-first heap   total 131072K, used 44970K [0x0000000701800000, 0x0000000800000000)
  region size 2048K, 2 young (4096K), 2 survivors (4096K)
 Metaspace       used 92041K, committed 92864K, reserved 1179648K
  class space    used 12695K, committed 13056K, reserved 1048576K
}
Event: 745.111 GC heap before
{Heap before GC invocations=60 (full 7):
 garbage-first heap   total 131072K, used 102314K [0x0000000701800000, 0x0000000800000000)
  region size 2048K, 31 young (63488K), 2 survivors (4096K)
 Metaspace       used 92357K, committed 93248K, reserved 1179648K
  class space    used 12721K, committed 13120K, reserved 1048576K
}
Event: 745.197 GC heap after
{Heap after GC invocations=61 (full 8):
 garbage-first heap   total 131072K, used 37284K [0x0000000701800000, 0x0000000800000000)
  region size 2048K, 0 young (0K), 0 survivors (0K)
 Metaspace       used 92295K, committed 93248K, reserved 1179648K
  class space    used 12713K, committed 13120K, reserved 1048576K
}
Event: 746.727 GC heap before
{Heap before GC invocations=61 (full 8):
 garbage-first heap   total 131072K, used 113060K [0x0000000701800000, 0x0000000800000000)
  region size 2048K, 37 young (75776K), 0 survivors (0K)
 Metaspace       used 92830K, committed 93632K, reserved 1179648K
  class space    used 12786K, committed 13120K, reserved 1048576K
}
Event: 746.735 GC heap after
{Heap after GC invocations=62 (full 8):
 garbage-first heap   total 131072K, used 43330K [0x0000000701800000, 0x0000000800000000)
  region size 2048K, 3 young (6144K), 3 survivors (6144K)
 Metaspace       used 92830K, committed 93632K, reserved 1179648K
  class space    used 12786K, committed 13120K, reserved 1048576K
}
Event: 747.727 GC heap before
{Heap before GC invocations=62 (full 8):
 garbage-first heap   total 131072K, used 112962K [0x0000000701800000, 0x0000000800000000)
  region size 2048K, 37 young (75776K), 3 survivors (6144K)
 Metaspace       used 93667K, committed 94528K, reserved 1179648K
  class space    used 12860K, committed 13248K, reserved 1048576K
}
Event: 747.739 GC heap after
{Heap after GC invocations=63 (full 8):
 garbage-first heap   total 131072K, used 46184K [0x0000000701800000, 0x0000000800000000)
  region size 2048K, 2 young (4096K), 2 survivors (4096K)
 Metaspace       used 93667K, committed 94528K, reserved 1179648K
  class space    used 12860K, committed 13248K, reserved 1048576K
}

