# JRE version: OpenJDK Runtime Environment Temurin-21.0.7+6 (21.0.7+6) (build 21.0.7+6-LTS)
# Java VM: OpenJDK 64-Bit Server VM Temurin-21.0.7+6 (21.0.7+6-LTS, mixed mode, emulated-client, sharing, tiered, compressed oops, compressed class ptrs, g1 gc, windows-amd64)
GC Precious Log:
 CardTable entry size: 512
 Card Set container configuration: InlinePtr #cards 4 size 8 Array Of Cards #cards 16 size 48 Howl #buckets 8 coarsen threshold 3686 Howl Bitmap #cards 512 size 80 coarsen threshold 460 Card regions per heap region 1 cards per card region 4096
 CPUs: 4 total, 4 available
 Memory: 16280M
 Large Page Support: Disabled
 NUMA Support: Disabled
 Compressed Oops: Enabled (Zero based)
 Heap Region Size: 2M
 Heap Min Capacity: 8M
 Heap Initial Capacity: 256M
 Heap Max Capacity: 4072M
 Pre-touch: Disabled
 Parallel Workers: 4
 Concurrent Workers: 1
 Concurrent Refinement Workers: 4
 Periodic GC: Disabled
Heap:
 garbage-first heap   total 137216K, used 80641K [0x0000000701800000, 0x0000000800000000)
  region size 2048K, 20 young (40960K), 3 survivors (6144K)
 Metaspace       used 114330K, committed 115264K, reserved 1179648K
  class space    used 15334K, committed 15808K, reserved 1048576K
GC Heap History (20 events):
Event: 4450.072 GC heap before
{Heap before GC invocations=106 (full 10):
 garbage-first heap   total 137216K, used 122788K [0x0000000701800000, 0x0000000800000000)
  region size 2048K, 40 young (81920K), 1 survivors (2048K)
 Metaspace       used 112402K, committed 113536K, reserved 1179648K
  class space    used 15086K, committed 15616K, reserved 1048576K
}
Event: 4450.074 GC heap after
{Heap after GC invocations=107 (full 10):
 garbage-first heap   total 137216K, used 42937K [0x0000000701800000, 0x0000000800000000)
  region size 2048K, 1 young (2048K), 1 survivors (2048K)
 Metaspace       used 112402K, committed 113536K, reserved 1179648K
  class space    used 15086K, committed 15616K, reserved 1048576K
}
Event: 4645.979 GC heap before
{Heap before GC invocations=107 (full 10):
 garbage-first heap   total 137216K, used 122809K [0x0000000701800000, 0x0000000800000000)
  region size 2048K, 40 young (81920K), 1 survivors (2048K)
 Metaspace       used 112414K, committed 113536K, reserved 1179648K
  class space    used 15088K, committed 15616K, reserved 1048576K
}
Event: 4645.982 GC heap after
{Heap after GC invocations=108 (full 10):
 garbage-first heap   total 137216K, used 42138K [0x0000000701800000, 0x0000000800000000)
  region size 2048K, 1 young (2048K), 1 survivors (2048K)
 Metaspace       used 112414K, committed 113536K, reserved 1179648K
  class space    used 15088K, committed 15616K, reserved 1048576K
}
Event: 4843.102 GC heap before
{Heap before GC invocations=108 (full 10):
 garbage-first heap   total 137216K, used 122010K [0x0000000701800000, 0x0000000800000000)
  region size 2048K, 40 young (81920K), 1 survivors (2048K)
 Metaspace       used 112414K, committed 113536K, reserved 1179648K
  class space    used 15088K, committed 15616K, reserved 1048576K
}
Event: 4843.107 GC heap after
{Heap after GC invocations=109 (full 10):
 garbage-first heap   total 137216K, used 42196K [0x0000000701800000, 0x0000000800000000)
  region size 2048K, 1 young (2048K), 1 survivors (2048K)
 Metaspace       used 112414K, committed 113536K, reserved 1179648K
  class space    used 15088K, committed 15616K, reserved 1048576K
}
Event: 5043.160 GC heap before
{Heap before GC invocations=110 (full 10):
 garbage-first heap   total 137216K, used 122068K [0x0000000701800000, 0x0000000800000000)
  region size 2048K, 40 young (81920K), 1 survivors (2048K)
 Metaspace       used 112403K, committed 113536K, reserved 1179648K
  class space    used 15087K, committed 15616K, reserved 1048576K
}
Event: 5043.163 GC heap after
{Heap after GC invocations=111 (full 10):
 garbage-first heap   total 137216K, used 42218K [0x0000000701800000, 0x0000000800000000)
  region size 2048K, 1 young (2048K), 1 survivors (2048K)
 Metaspace       used 112403K, committed 113536K, reserved 1179648K
  class space    used 15087K, committed 15616K, reserved 1048576K
}
Event: 5245.792 GC heap before
{Heap before GC invocations=111 (full 10):
 garbage-first heap   total 137216K, used 122090K [0x0000000701800000, 0x0000000800000000)
  region size 2048K, 40 young (81920K), 1 survivors (2048K)
 Metaspace       used 112414K, committed 113536K, reserved 1179648K
  class space    used 15088K, committed 15616K, reserved 1048576K
}
Event: 5245.797 GC heap after
{Heap after GC invocations=112 (full 10):
 garbage-first heap   total 137216K, used 41574K [0x0000000701800000, 0x0000000800000000)
  region size 2048K, 1 young (2048K), 1 survivors (2048K)
 Metaspace       used 112414K, committed 113536K, reserved 1179648K
  class space    used 15088K, committed 15616K, reserved 1048576K
}
Event: 5443.790 GC heap before
{Heap before GC invocations=112 (full 10):
 garbage-first heap   total 137216K, used 121446K [0x0000000701800000, 0x0000000800000000)
  region size 2048K, 40 young (81920K), 1 survivors (2048K)
 Metaspace       used 112415K, committed 113536K, reserved 1179648K
  class space    used 15089K, committed 15616K, reserved 1048576K
}
Event: 5443.792 GC heap after
{Heap after GC invocations=113 (full 10):
 garbage-first heap   total 137216K, used 41777K [0x0000000701800000, 0x0000000800000000)
  region size 2048K, 1 young (2048K), 1 survivors (2048K)
 Metaspace       used 112415K, committed 113536K, reserved 1179648K
  class space    used 15089K, committed 15616K, reserved 1048576K
}
Event: 5643.260 GC heap before
{Heap before GC invocations=114 (full 10):
 garbage-first heap   total 137216K, used 121649K [0x0000000701800000, 0x0000000800000000)
  region size 2048K, 40 young (81920K), 1 survivors (2048K)
 Metaspace       used 112405K, committed 113536K, reserved 1179648K
  class space    used 15087K, committed 15616K, reserved 1048576K
}
Event: 5643.262 GC heap after
{Heap after GC invocations=115 (full 10):
 garbage-first heap   total 137216K, used 41718K [0x0000000701800000, 0x0000000800000000)
  region size 2048K, 1 young (2048K), 1 survivors (2048K)
 Metaspace       used 112405K, committed 113536K, reserved 1179648K
  class space    used 15087K, committed 15616K, reserved 1048576K
}
Event: 5827.279 GC heap before
{Heap before GC invocations=115 (full 10):
 garbage-first heap   total 137216K, used 117494K [0x0000000701800000, 0x0000000800000000)
  region size 2048K, 39 young (79872K), 1 survivors (2048K)
 Metaspace       used 112422K, committed 113536K, reserved 1179648K
  class space    used 15090K, committed 15616K, reserved 1048576K
}
Event: 5827.359 GC heap after
{Heap after GC invocations=116 (full 11):
 garbage-first heap   total 137216K, used 37158K [0x0000000701800000, 0x0000000800000000)
  region size 2048K, 0 young (0K), 0 survivors (0K)
 Metaspace       used 112347K, committed 113536K, reserved 1179648K
  class space    used 15077K, committed 15616K, reserved 1048576K
}
Event: 5829.868 GC heap before
{Heap before GC invocations=116 (full 11):
 garbage-first heap   total 137216K, used 104742K [0x0000000701800000, 0x0000000800000000)
  region size 2048K, 34 young (69632K), 0 survivors (0K)
 Metaspace       used 113072K, committed 113984K, reserved 1179648K
  class space    used 15199K, committed 15680K, reserved 1048576K
}
Event: 5829.877 GC heap after
{Heap after GC invocations=117 (full 11):
 garbage-first heap   total 137216K, used 43242K [0x0000000701800000, 0x0000000800000000)
  region size 2048K, 3 young (6144K), 3 survivors (6144K)
 Metaspace       used 113072K, committed 113984K, reserved 1179648K
  class space    used 15199K, committed 15680K, reserved 1048576K
}
Event: 5831.896 GC heap before
{Heap before GC invocations=118 (full 11):
 garbage-first heap   total 137216K, used 110826K [0x0000000701800000, 0x0000000800000000)
  region size 2048K, 37 young (75776K), 3 survivors (6144K)
 Metaspace       used 113669K, committed 114624K, reserved 1179648K
  class space    used 15272K, committed 15744K, reserved 1048576K
}
Event: 5831.912 GC heap after
{Heap after GC invocations=119 (full 11):
 garbage-first heap   total 137216K, used 47873K [0x0000000701800000, 0x0000000800000000)
  region size 2048K, 3 young (6144K), 3 survivors (6144K)
 Metaspace       used 113669K, committed 114624K, reserved 1179648K
  class space    used 15272K, committed 15744K, reserved 1048576K
}

